<?xml version="1.0" encoding="UTF-8"?>
<testsuite name="Probar la funcionalidad de Google" tests="1" skipped="0" failures="0" errors="0" timestamp="2021-10-05T19:52:10" hostname="HP" time="19.31">
  <properties/>
  <testcase name="Busco algo en Google" classname="Probar la funcionalidad de Google" time="19.31"/>
  <system-out><![CDATA[?[32m.?[0m?[32m.?[0m?[32m.?[0m?[32m.?[0m]]></system-out>
  <system-err><![CDATA[Starting ChromeDriver 93.0.4577.15 (660fc11082ba57405eca2e8c49c3e1af756fbfae-refs/branch-heads/4577@{#203}) on port 35677
Only local connections are allowed.
Please see https://chromedriver.chromium.org/security-considerations for suggestions on keeping ChromeDriver safe.
ChromeDriver was started successfully.
[1633463540.457][WARNING]: This version of ChromeDriver has not been tested with Chrome version 94.
oct. 05, 2021 2:52:22 P. M. org.openqa.selenium.remote.ProtocolHandshake createSession
INFO: Detected dialect: W3C
]]></system-err>
</testsuite>
